Using pre-set license
Built from '2020.3/staging' branch; Version is '2020.3.0f1 (c7b5465681fb) revision 13088070'; Using compiler version '192528614'; Build Type 'Release'
OS: 'Windows 10 Pro; OS build 19041.867; Version 2004; 64bit' Language: 'ja' Physical Memory: 4026 MB
BatchMode: 1, IsHumanControllingUs: 0, StartBugReporterOnCrash: 0, Is64bit: 1, IsPro: 0

 COMMAND LINE ARGUMENTS:
C:\Program Files\Unity\Hub\Editor\2020.3.0f1\Editor\Unity.exe
-adb2
-batchMode
-noUpm
-name
AssetImportWorker8
-projectPath
C:/Users/micfu/OneDrive/Desktop/purot
-logFile
Logs/AssetImportWorker8.log
-srvPort
64865
Successfully changed project path to: C:/Users/micfu/OneDrive/Desktop/purot
C:/Users/micfu/OneDrive/Desktop/purot
Using Asset Import Pipeline V2.
Refreshing native plugins compatible for Editor in 35.92 ms, found 0 plugins.
Preloading 0 native plugins for Editor in 0.00 ms.
Initialize engine version: 2020.3.0f1 (c7b5465681fb)
[Subsystems] Discovering subsystems at path C:/Program Files/Unity/Hub/Editor/2020.3.0f1/Editor/Data/Resources/UnitySubsystems
[Subsystems] Discovering subsystems at path C:/Users/micfu/OneDrive/Desktop/purot/Assets
GfxDevice: creating device client; threaded=0
Direct3D:
    Version:  Direct3D 11.0 [level 11.1]
    Renderer: Intel(R) HD Graphics 620 (ID=0x5916)
    Vendor:   
    VRAM:     2013 MB
    Driver:   26.20.100.7872
Initialize mono
Mono path[0] = 'C:/Program Files/Unity/Hub/Editor/2020.3.0f1/Editor/Data/Managed'
Mono path[1] = 'C:/Program Files/Unity/Hub/Editor/2020.3.0f1/Editor/Data/MonoBleedingEdge/lib/mono/unityjit'
Mono config path = 'C:/Program Files/Unity/Hub/Editor/2020.3.0f1/Editor/Data/MonoBleedingEdge/etc'
Using monoOptions --debugger-agent=transport=dt_socket,embedding=1,server=y,suspend=n,address=127.0.0.1:56700
Begin MonoManager ReloadAssembly
Registering precompiled unity dll's ...
Register platform support module: C:/Program Files/Unity/Hub/Editor/2020.3.0f1/Editor/Data/PlaybackEngines/WindowsStandaloneSupport/UnityEditor.WindowsStandalone.Extensions.dll
Registered in 0.002684 seconds.
Native extension for WindowsStandalone target not found
Refreshing native plugins compatible for Editor in 28.53 ms, found 0 plugins.
Preloading 0 native plugins for Editor in 0.00 ms.
Unable to find bridge dll in registry for Microsoft Visual Studio Tools for Unity for C:\Program Files (x86)\Microsoft Visual Studio\2017\Professional\Common7\IDE\devenv.exe
Invoked RoslynAnalysisRunner static constructor.
RoslynAnalysisRunner will not be running.
RoslynAnalysisRunner has terminated.
Mono: successfully reloaded assembly
- Completed reload, in  1.567 seconds
Platform modules already initialized, skipping
Registering precompiled user dll's ...
Registered in 0.001387 seconds.
Begin MonoManager ReloadAssembly
Native extension for WindowsStandalone target not found
Refreshing native plugins compatible for Editor in 0.49 ms, found 0 plugins.
Preloading 0 native plugins for Editor in 0.00 ms.
Invoked RoslynAnalysisRunner static constructor.
RoslynAnalysisRunner will not be running.
RoslynAnalysisRunner has terminated.
Mono: successfully reloaded assembly
- Completed reload, in  4.837 seconds
Platform modules already initialized, skipping
========================================================================
Worker process is ready to serve import requests
Launched and connected shader compiler UnityShaderCompiler.exe after 6.36 seconds
Refreshing native plugins compatible for Editor in 0.38 ms, found 0 plugins.
Preloading 0 native plugins for Editor in 0.00 ms.
Unloading 1118 Unused Serialized files (Serialized files now loaded: 0)
System memory in use before: 57.5 MB.
System memory in use after: 57.5 MB.

Unloading 9 unused Assets to reduce memory usage. Loaded Objects now: 1566.
Total: 240.084000 ms (FindLiveObjects: 0.363600 ms CreateObjectMapping: 0.144900 ms MarkObjects: 236.512400 ms  DeleteObjects: 3.055600 ms)

========================================================================
Received Import Request.
  path: Assets/circle.jpg
  artifactKey: Guid(410ad1366d098a0428f347970781b086) Importer(815301076,1909f56bfc062723c751e8b465ee728b)
Start importing Assets/circle.jpg using Guid(410ad1366d098a0428f347970781b086) Importer(815301076,1909f56bfc062723c751e8b465ee728b)  -> (artifact id: 'b63e98863bd7bfd208cfef5f0b4ae135') in 1.318962 seconds
  Import took 1.382435 seconds .

========================================================================
Received Import Request.
  Time since last request: 0.017219 seconds.
  path: Assets/square.jpg
  artifactKey: Guid(9966a984aedb7814183ae421c018e9f1) Importer(815301076,1909f56bfc062723c751e8b465ee728b)
Start importing Assets/square.jpg using Guid(9966a984aedb7814183ae421c018e9f1) Importer(815301076,1909f56bfc062723c751e8b465ee728b)  -> (artifact id: '2d58541d4ddd86fb4d6869225499e22e') in 0.053357 seconds
  Import took 0.108786 seconds .

========================================================================
Received Import Request.
  Time since last request: 0.000415 seconds.
  path: Assets/triangle.jpg
  artifactKey: Guid(daa4df4eecd6dcd43af6883c9abe4336) Importer(815301076,1909f56bfc062723c751e8b465ee728b)
Start importing Assets/triangle.jpg using Guid(daa4df4eecd6dcd43af6883c9abe4336) Importer(815301076,1909f56bfc062723c751e8b465ee728b)  -> (artifact id: '1811a7e2454144657f1c686ac6569325') in 0.111622 seconds
  Import took 0.222838 seconds .

========================================================================
Received Import Request.
  Time since last request: 0.000494 seconds.
  path: Assets/square.jpg
  artifactKey: Guid(9966a984aedb7814183ae421c018e9f1) Importer(815301076,1909f56bfc062723c751e8b465ee728b)
Start importing Assets/square.jpg using Guid(9966a984aedb7814183ae421c018e9f1) Importer(815301076,1909f56bfc062723c751e8b465ee728b)  -> (artifact id: '2d58541d4ddd86fb4d6869225499e22e') in 0.122888 seconds
  Import took 0.137519 seconds .

========================================================================
Received Import Request.
  Time since last request: 136.502470 seconds.
  path: Assets/circle_w_trans.png
  artifactKey: Guid(c3587ba08b9609745ab12c1145d5f0e5) Importer(815301076,1909f56bfc062723c751e8b465ee728b)
Start importing Assets/circle_w_trans.png using Guid(c3587ba08b9609745ab12c1145d5f0e5) Importer(815301076,1909f56bfc062723c751e8b465ee728b)  -> (artifact id: '9fdd03d110b1a25cbd8efd326211e968') in 0.041211 seconds
  Import took 0.088075 seconds .

========================================================================
Received Import Request.
  Time since last request: 7.656799 seconds.
  path: Assets/circle_w_trans.png
  artifactKey: Guid(c3587ba08b9609745ab12c1145d5f0e5) Importer(815301076,1909f56bfc062723c751e8b465ee728b)
Start importing Assets/circle_w_trans.png using Guid(c3587ba08b9609745ab12c1145d5f0e5) Importer(815301076,1909f56bfc062723c751e8b465ee728b)  -> (artifact id: '4516ed0ed732f73600306d977939ba0a') in 0.061996 seconds
  Import took 0.087900 seconds .

========================================================================
Received Prepare
Registering precompiled user dll's ...
Registered in 0.131908 seconds.
Begin MonoManager ReloadAssembly
Native extension for WindowsStandalone target not found
Refreshing native plugins compatible for Editor in 0.28 ms, found 0 plugins.
Preloading 0 native plugins for Editor in 0.00 ms.
Invoked RoslynAnalysisRunner static constructor.
RoslynAnalysisRunner will not be running.
RoslynAnalysisRunner has terminated.
Mono: successfully reloaded assembly
- Completed reload, in  3.236 seconds
Platform modules already initialized, skipping
Refreshing native plugins compatible for Editor in 0.24 ms, found 0 plugins.
Preloading 0 native plugins for Editor in 0.00 ms.
Unloading 1113 Unused Serialized files (Serialized files now loaded: 0)
System memory in use before: 60.5 MB.
System memory in use after: 60.6 MB.

Unloading 4 unused Assets to reduce memory usage. Loaded Objects now: 1580.
Total: 4.331200 ms (FindLiveObjects: 0.369600 ms CreateObjectMapping: 0.137700 ms MarkObjects: 3.781100 ms  DeleteObjects: 0.039100 ms)

========================================================================
Received Import Request.
  Time since last request: 6627.462256 seconds.
  path: Assets/IMG_Circle.jpg
  artifactKey: Guid(8459ed8bb1214c34099d81ffce83ff7b) Importer(815301076,1909f56bfc062723c751e8b465ee728b)
Start importing Assets/IMG_Circle.jpg using Guid(8459ed8bb1214c34099d81ffce83ff7b) Importer(815301076,1909f56bfc062723c751e8b465ee728b)  -> (artifact id: 'f59f47c513ecd199743abfbc2e03b8a9') in 0.310906 seconds
  Import took 0.351818 seconds .

========================================================================
Received Import Request.
  Time since last request: 4.935792 seconds.
  path: Assets/IMG_Triangle.jpg
  artifactKey: Guid(d008d2be0e0a4614b9630dad334232e1) Importer(815301076,1909f56bfc062723c751e8b465ee728b)
Start importing Assets/IMG_Triangle.jpg using Guid(d008d2be0e0a4614b9630dad334232e1) Importer(815301076,1909f56bfc062723c751e8b465ee728b)  -> (artifact id: '14f94d3aa4171874c528cfded1b84c24') in 0.178004 seconds
  Import took 0.357025 seconds .

========================================================================
Received Import Request.
  Time since last request: 2.843126 seconds.
  path: Assets/IMG_Square.jpg
  artifactKey: Guid(dc06fed8596d02c4598b940dd85c22bd) Importer(815301076,1909f56bfc062723c751e8b465ee728b)
Start importing Assets/IMG_Square.jpg using Guid(dc06fed8596d02c4598b940dd85c22bd) Importer(815301076,1909f56bfc062723c751e8b465ee728b)  -> (artifact id: 'e33e4224d5bef4dd51866cd17f98090b') in 0.033036 seconds
  Import took 0.037128 seconds .

========================================================================
Received Import Request.
  Time since last request: 38.461103 seconds.
  path: Assets/MTL_Circle.mat
  artifactKey: Guid(0fd770b922233b844a2274dc0c51f5c4) Importer(815301076,1909f56bfc062723c751e8b465ee728b)
Start importing Assets/MTL_Circle.mat using Guid(0fd770b922233b844a2274dc0c51f5c4) Importer(815301076,1909f56bfc062723c751e8b465ee728b)  -> (artifact id: '6ebcf227b68ce9a92b8bc7dd2bdb1869') in 3.813866 seconds
  Import took 3.816924 seconds .

========================================================================
Received Import Request.
  Time since last request: 49.736113 seconds.
  path: Assets/MTL_Square.mat
  artifactKey: Guid(59a5ebf6900503343a88cb2ab0bf0b34) Importer(815301076,1909f56bfc062723c751e8b465ee728b)
Start importing Assets/MTL_Square.mat using Guid(59a5ebf6900503343a88cb2ab0bf0b34) Importer(815301076,1909f56bfc062723c751e8b465ee728b)  -> (artifact id: '1403e2618e4872eaad5e1467ad9e038e') in 0.040522 seconds
  Import took 0.043632 seconds .

========================================================================
Received Import Request.
  Time since last request: 270.838258 seconds.
  path: Assets/MTL_Triangle.mat
  artifactKey: Guid(e1de3a010b6ee4640a50d7bc99972c6d) Importer(815301076,1909f56bfc062723c751e8b465ee728b)
Start importing Assets/MTL_Triangle.mat using Guid(e1de3a010b6ee4640a50d7bc99972c6d) Importer(815301076,1909f56bfc062723c751e8b465ee728b)  -> (artifact id: '34ba0b6fd2b0a74861ba4d491d5d3a12') in 0.039526 seconds
  Import took 0.062806 seconds .

========================================================================
Received Import Request.
  Time since last request: 1418.296170 seconds.
  path: Assets/Tree_Textures/diffuse.png
  artifactKey: Guid(0810852c69273514eb42401a9e33ee48) Importer(815301076,1909f56bfc062723c751e8b465ee728b)
Start importing Assets/Tree_Textures/diffuse.png using Guid(0810852c69273514eb42401a9e33ee48) Importer(815301076,1909f56bfc062723c751e8b465ee728b)  -> (artifact id: '9007713e364472e4da4a3d8dfe2e6625') in 0.271166 seconds
  Import took 0.302148 seconds .

========================================================================
Received Import Request.
  Time since last request: 0.000401 seconds.
  path: Assets/Tree_Textures/translucency_gloss.png
  artifactKey: Guid(a620b9c18db8be946af5982130069a07) Importer(815301076,1909f56bfc062723c751e8b465ee728b)
Start importing Assets/Tree_Textures/translucency_gloss.png using Guid(a620b9c18db8be946af5982130069a07) Importer(815301076,1909f56bfc062723c751e8b465ee728b)  -> (artifact id: '807d4b2340eebbca7b7eb10a6064dad3') in 0.096434 seconds
  Import took 0.101567 seconds .

========================================================================
Received Import Request.
  Time since last request: 0.000362 seconds.
  path: Assets/Tree_Textures/diffuse.png
  artifactKey: Guid(0810852c69273514eb42401a9e33ee48) Importer(815301076,1909f56bfc062723c751e8b465ee728b)
Start importing Assets/Tree_Textures/diffuse.png using Guid(0810852c69273514eb42401a9e33ee48) Importer(815301076,1909f56bfc062723c751e8b465ee728b)  -> (artifact id: '9007713e364472e4da4a3d8dfe2e6625') in 0.017674 seconds
  Import took 0.021960 seconds .

========================================================================
Received Import Request.
  Time since last request: 0.000368 seconds.
  path: Assets/Tree_Textures/shadow.png
  artifactKey: Guid(57361d0edf87d4a4388cc2a4da47ce90) Importer(815301076,1909f56bfc062723c751e8b465ee728b)
Start importing Assets/Tree_Textures/shadow.png using Guid(57361d0edf87d4a4388cc2a4da47ce90) Importer(815301076,1909f56bfc062723c751e8b465ee728b)  -> (artifact id: '91b1833a632d1a4b767998eb4eba3eef') in 0.067729 seconds
  Import took 0.071807 seconds .

========================================================================
Received Import Request.
  Time since last request: 0.000270 seconds.
  path: Assets/Tree_Textures/normal_specular.png
  artifactKey: Guid(f6d50818931e5184da77b157014e7524) Importer(815301076,1909f56bfc062723c751e8b465ee728b)
Start importing Assets/Tree_Textures/normal_specular.png using Guid(f6d50818931e5184da77b157014e7524) Importer(815301076,1909f56bfc062723c751e8b465ee728b)  -> (artifact id: 'f75bae7562797cc38b254c95c98dbfcf') in 0.079334 seconds
  Import took 0.084393 seconds .

========================================================================
Received Import Request.
  Time since last request: 0.004439 seconds.
  path: Assets/Tree_Textures/normal_specular.png
  artifactKey: Guid(f6d50818931e5184da77b157014e7524) Importer(815301076,1909f56bfc062723c751e8b465ee728b)
Start importing Assets/Tree_Textures/normal_specular.png using Guid(f6d50818931e5184da77b157014e7524) Importer(815301076,1909f56bfc062723c751e8b465ee728b)  -> (artifact id: 'f75bae7562797cc38b254c95c98dbfcf') in 0.017057 seconds
  Import took 0.021473 seconds .

========================================================================
Received Import Request.
  Time since last request: 125.048651 seconds.
  path: Assets/MTL_Circle.mat
  artifactKey: Guid(0fd770b922233b844a2274dc0c51f5c4) Importer(815301076,1909f56bfc062723c751e8b465ee728b)
Start importing Assets/MTL_Circle.mat using Guid(0fd770b922233b844a2274dc0c51f5c4) Importer(815301076,1909f56bfc062723c751e8b465ee728b)  -> (artifact id: '974763967e8f9afd1aea96257afd69cf') in 0.033877 seconds
  Import took 0.045439 seconds .

========================================================================
Received Import Request.
  Time since last request: 0.000365 seconds.
  path: Assets/MTL_Square.mat
  artifactKey: Guid(59a5ebf6900503343a88cb2ab0bf0b34) Importer(815301076,1909f56bfc062723c751e8b465ee728b)
Start importing Assets/MTL_Square.mat using Guid(59a5ebf6900503343a88cb2ab0bf0b34) Importer(815301076,1909f56bfc062723c751e8b465ee728b)  -> (artifact id: 'e70731c12763fc384fe373abe1bb1429') in 0.037516 seconds
  Import took 0.040346 seconds .

========================================================================
Received Import Request.
  Time since last request: 0.000179 seconds.
  path: Assets/MTL_Triangle.mat
  artifactKey: Guid(e1de3a010b6ee4640a50d7bc99972c6d) Importer(815301076,1909f56bfc062723c751e8b465ee728b)
Start importing Assets/MTL_Triangle.mat using Guid(e1de3a010b6ee4640a50d7bc99972c6d) Importer(815301076,1909f56bfc062723c751e8b465ee728b)  -> (artifact id: '9e0a98e81802f3d9db4a9f0de2a28e27') in 0.071222 seconds
  Import took 0.092492 seconds .

AssetImportWorkerClient::OnTransportError - code=2 error=End of file
